<?xml version="1.0" encoding="UTF-8"?>
<!-- Generated by org.testng.reporters.JUnitReportReporter -->
<testsuite hostname="MonaMac" failures="0" tests="13" name="com.cloudmiracle.qa.testcases.LoginPageTestcases" time="92.412" errors="0" timestamp="14 Jun 2022 12:22:20 GMT" skipped="0">
  <testcase classname="com.cloudmiracle.qa.testcases.LoginPageTestcases" name="verifyLoginPageTitle" time="6.221"/>
  <testcase classname="com.cloudmiracle.qa.testcases.LoginPageTestcases" name="verifyCmpLogoImg" time="6.259"/>
  <testcase classname="com.cloudmiracle.qa.testcases.LoginPageTestcases" name="verifyBackgroundImg" time="5.965"/>
  <testcase classname="com.cloudmiracle.qa.testcases.LoginPageTestcases" name="verifyLoginPageCaption" time="6.571"/>
  <testcase classname="com.cloudmiracle.qa.testcases.LoginPageTestcases" name="verifySignUpLink" time="5.995"/>
  <testcase classname="com.cloudmiracle.qa.testcases.LoginPageTestcases" name="verifySignUpLinkEnable" time="7.280"/>
  <testcase classname="com.cloudmiracle.qa.testcases.LoginPageTestcases" name="verifySignUPText" time="6.271"/>
  <testcase classname="com.cloudmiracle.qa.testcases.LoginPageTestcases" name="verifySignUPLinkFunctionality" time="9.141"/>
  <testcase classname="com.cloudmiracle.qa.testcases.LoginPageTestcases" name="verifyForgetPWDLink" time="6.308"/>
  <testcase classname="com.cloudmiracle.qa.testcases.LoginPageTestcases" name="verifyForgotPWDLinkEnable" time="6.564"/>
  <testcase classname="com.cloudmiracle.qa.testcases.LoginPageTestcases" name="verifyForgotPWDLinkFunctionality" time="8.192"/>
  <testcase classname="com.cloudmiracle.qa.testcases.LoginPageTestcases" name="verifyLoginFunctionality" time="8.743"/>
  <testcase classname="com.cloudmiracle.qa.testcases.LoginPageTestcases" name="verifyLoginFunctionality" time="8.902"/>
</testsuite> <!-- com.cloudmiracle.qa.testcases.LoginPageTestcases -->
