<?xml version="1.0" encoding="UTF-8"?>
<!-- Generated by org.testng.reporters.JUnitReportReporter -->
<testsuite hostname="MonaMac" failures="0" tests="9" name="com.cloudmiracle.qa.testcases.SignUpPageTestCases" time="94.293" errors="0" timestamp="14 Jun 2022 12:22:20 GMT" skipped="0">
  <testcase classname="com.cloudmiracle.qa.testcases.SignUpPageTestCases" name="verifyCmpLogoImg" time="9.586"/>
  <testcase classname="com.cloudmiracle.qa.testcases.SignUpPageTestCases" name="verifyBackgroundImg" time="9.124"/>
  <testcase classname="com.cloudmiracle.qa.testcases.SignUpPageTestCases" name="verifySignUpPageCaption" time="9.030"/>
  <testcase classname="com.cloudmiracle.qa.testcases.SignUpPageTestCases" name="verifyLoginLink" time="10.281"/>
  <testcase classname="com.cloudmiracle.qa.testcases.SignUpPageTestCases" name="verifyLoginLinkEnable" time="10.374"/>
  <testcase classname="com.cloudmiracle.qa.testcases.SignUpPageTestCases" name="verifyLoginText" time="10.070"/>
  <testcase classname="com.cloudmiracle.qa.testcases.SignUpPageTestCases" name="verifyRegisterFunctionality" time="12.292"/>
  <testcase classname="com.cloudmiracle.qa.testcases.SignUpPageTestCases" name="verifyRegisterFunctionality" time="12.478"/>
  <testcase classname="com.cloudmiracle.qa.testcases.SignUpPageTestCases" name="verifyRegisterFunctionality" time="11.058"/>
</testsuite> <!-- com.cloudmiracle.qa.testcases.SignUpPageTestCases -->
