<?xml version="1.0" encoding="UTF-8"?>
<!-- Generated by org.testng.reporters.JUnitReportReporter -->
<testsuite hostname="MonaMac" failures="0" tests="9" name="com.cloudmiracle.qa.testcases.SignUpPageTestCases" time="93.707" errors="0" timestamp="15 Jun 2022 07:33:45 GMT" skipped="0">
  <testcase classname="com.cloudmiracle.qa.testcases.SignUpPageTestCases" name="verifyCmpLogoImg" time="9.027"/>
  <testcase classname="com.cloudmiracle.qa.testcases.SignUpPageTestCases" name="verifyBackgroundImg" time="9.238"/>
  <testcase classname="com.cloudmiracle.qa.testcases.SignUpPageTestCases" name="verifySignUpPageCaption" time="8.781"/>
  <testcase classname="com.cloudmiracle.qa.testcases.SignUpPageTestCases" name="verifyLoginLink" time="8.765"/>
  <testcase classname="com.cloudmiracle.qa.testcases.SignUpPageTestCases" name="verifyLoginLinkEnable" time="8.949"/>
  <testcase classname="com.cloudmiracle.qa.testcases.SignUpPageTestCases" name="verifyLoginText" time="10.055"/>
  <testcase classname="com.cloudmiracle.qa.testcases.SignUpPageTestCases" name="verifyRegisterFunctionality" time="10.353"/>
  <testcase classname="com.cloudmiracle.qa.testcases.SignUpPageTestCases" name="verifyRegisterFunctionality" time="18.259"/>
  <testcase classname="com.cloudmiracle.qa.testcases.SignUpPageTestCases" name="verifyRegisterFunctionality" time="10.280"/>
</testsuite> <!-- com.cloudmiracle.qa.testcases.SignUpPageTestCases -->
