<?xml version="1.0" encoding="UTF-8"?>
<!-- Generated by org.testng.reporters.JUnitReportReporter -->
<testsuite hostname="MonaMac" failures="0" tests="13" name="com.cloudmiracle.qa.testcases.LoginPageTestcases" time="84.629" errors="0" timestamp="15 Jun 2022 07:33:45 GMT" skipped="0">
  <testcase classname="com.cloudmiracle.qa.testcases.LoginPageTestcases" name="verifyLoginPageTitle" time="5.956"/>
  <testcase classname="com.cloudmiracle.qa.testcases.LoginPageTestcases" name="verifyCmpLogoImg" time="6.799"/>
  <testcase classname="com.cloudmiracle.qa.testcases.LoginPageTestcases" name="verifyBackgroundImg" time="5.775"/>
  <testcase classname="com.cloudmiracle.qa.testcases.LoginPageTestcases" name="verifyLoginPageCaption" time="6.166"/>
  <testcase classname="com.cloudmiracle.qa.testcases.LoginPageTestcases" name="verifySignUpLink" time="5.985"/>
  <testcase classname="com.cloudmiracle.qa.testcases.LoginPageTestcases" name="verifySignUpLinkEnable" time="6.755"/>
  <testcase classname="com.cloudmiracle.qa.testcases.LoginPageTestcases" name="verifySignUPText" time="5.917"/>
  <testcase classname="com.cloudmiracle.qa.testcases.LoginPageTestcases" name="verifySignUPLinkFunctionality" time="8.639"/>
  <testcase classname="com.cloudmiracle.qa.testcases.LoginPageTestcases" name="verifyForgetPWDLink" time="5.983"/>
  <testcase classname="com.cloudmiracle.qa.testcases.LoginPageTestcases" name="verifyForgotPWDLinkEnable" time="6.039"/>
  <testcase classname="com.cloudmiracle.qa.testcases.LoginPageTestcases" name="verifyForgotPWDLinkFunctionality" time="6.525"/>
  <testcase classname="com.cloudmiracle.qa.testcases.LoginPageTestcases" name="verifyLoginFunctionality" time="7.020"/>
  <testcase classname="com.cloudmiracle.qa.testcases.LoginPageTestcases" name="verifyLoginFunctionality" time="7.070"/>
</testsuite> <!-- com.cloudmiracle.qa.testcases.LoginPageTestcases -->
