<?xml version="1.0" encoding="UTF-8"?>
<!-- Generated by org.testng.reporters.JUnitReportReporter -->
<testsuite hostname="MonaMac" failures="0" tests="20" name="com.cloudmiracle.qa.testcases.CompanyListPageTestcases" time="419.470" errors="0" timestamp="15 Jun 2022 07:33:45 GMT" skipped="0">
  <testcase classname="com.cloudmiracle.qa.testcases.CompanyListPageTestcases" name="verifyTimeLeftElement" time="10.043"/>
  <testcase classname="com.cloudmiracle.qa.testcases.CompanyListPageTestcases" name="verifyUserNameElement" time="20.646"/>
  <testcase classname="com.cloudmiracle.qa.testcases.CompanyListPageTestcases" name="verifyLogoutElement" time="11.135"/>
  <testcase classname="com.cloudmiracle.qa.testcases.CompanyListPageTestcases" name="verifyCmpListPageCaption" time="20.914"/>
  <testcase classname="com.cloudmiracle.qa.testcases.CompanyListPageTestcases" name="verifySearchElement" time="20.793"/>
  <testcase classname="com.cloudmiracle.qa.testcases.CompanyListPageTestcases" name="verifyCmpListTableHeader" time="20.785"/>
  <testcase classname="com.cloudmiracle.qa.testcases.CompanyListPageTestcases" name="verifyCmpListTableContent" time="23.542"/>
  <testcase classname="com.cloudmiracle.qa.testcases.CompanyListPageTestcases" name="verifyCmpListPageSizeElement" time="25.914"/>
  <testcase classname="com.cloudmiracle.qa.testcases.CompanyListPageTestcases" name="verifyCmpListTotalPages" time="21.415"/>
  <testcase classname="com.cloudmiracle.qa.testcases.CompanyListPageTestcases" name="verifyCmpListAllButtonsElement" time="21.759"/>
  <testcase classname="com.cloudmiracle.qa.testcases.CompanyListPageTestcases" name="verifyAddBtnFunctionality" time="23.074"/>
  <testcase classname="com.cloudmiracle.qa.testcases.CompanyListPageTestcases" name="verifyEditBtnFunctionality" time="23.822"/>
  <testcase classname="com.cloudmiracle.qa.testcases.CompanyListPageTestcases" name="verifyDeleteBtnFunctionality" time="22.690"/>
  <testcase classname="com.cloudmiracle.qa.testcases.CompanyListPageTestcases" name="verifyCmpDetailsAllTabElements" time="23.553"/>
  <testcase classname="com.cloudmiracle.qa.testcases.CompanyListPageTestcases" name="verifyCmpDetailsLegendsElements" time="23.160"/>
  <testcase classname="com.cloudmiracle.qa.testcases.CompanyListPageTestcases" name="verifyCmpDetailsAllButtonsElements" time="23.289"/>
  <testcase classname="com.cloudmiracle.qa.testcases.CompanyListPageTestcases" name="verifyCloseBtnElement" time="23.431"/>
  <testcase classname="com.cloudmiracle.qa.testcases.CompanyListPageTestcases" name="verifytoAddNewCompanyDetailsFunctionality" time="24.464"/>
  <testcase classname="com.cloudmiracle.qa.testcases.CompanyListPageTestcases" name="verifytoAddNewCompanyDetailsFunctionality" time="23.983"/>
  <testcase classname="com.cloudmiracle.qa.testcases.CompanyListPageTestcases" name="verifyLogoutFunctionality" time="11.058"/>
</testsuite> <!-- com.cloudmiracle.qa.testcases.CompanyListPageTestcases -->
